Arguments: 
  /home/nilz3ro/.nvm/versions/node/v18.0.0/bin/node /home/nilz3ro/.nvm/versions/node/v18.0.0/bin/yarn

PATH: 
  /home/nilz3ro/Projects/clockwork/bin:/home/nilz3ro/.avm/bin:/home/nilz3ro/bin/Telegram:/home/nilz3ro/Projects/clockwork/bin:/home/nilz3ro/.avm/bin:/home/nilz3ro/.nvm/versions/node/v18.0.0/bin:/home/nilz3ro/bin/Telegram:/home/nilz3ro/.local/share/solana/install/active_release/bin:/home/nilz3ro/.cargo/bin:/home/nilz3ro/.local/bin:/home/nilz3ro/bin:/usr/local/sbin:/usr/local/bin:/usr/sbin:/usr/bin:/sbin:/bin:/usr/games:/usr/local/games:/snap/bin:/home/nilz3ro/.local/share/JetBrains/Toolbox/scripts

Yarn version: 
  1.22.19

Node version: 
  18.0.0

Platform: 
  linux x64

Trace: 
  Error: ENOSPC: no space left on device, mkdir '/home/nilz3ro/Projects/krypton/social-recovery-wallet/js/node_modules/superstruct/lib/structs'

npm manifest: 
  {
    "name": "krypton-social-recovery-wallet",
    "version": "0.0.1",
    "contractVersion": "0.0.1",
    "description": "",
    "main": "dist/src/krypton.js",
    "types": "dist/src/krypton.d.ts",
    "scripts": {
      "api:gen": "DEBUG='(solita|rustbin):(info|error)' solita"
    },
    "files": [
      "/dist/src"
    ],
    "publishConfig": {
      "access": "public",
      "registry": "https://registry.npmjs.org"
    },
    "keywords": [
      "nft",
      "metaplex",
      "solana",
      "blockchain"
    ],
    "homepage": "https://metaplex.com",
    "repository": "https://github.com/metaplex-foundation/metaplex-program-library.git",
    "author": "Metaplex Maintainers <contact@metaplex.com>",
    "license": "MIT",
    "dependencies": {
      "@metaplex-foundation/beet": "^0.7.1",
      "@metaplex-foundation/beet-solana": "^0.4.0",
      "@metaplex-foundation/cusper": "^0.0.2",
      "@solana/spl-token": "^0.3.6",
      "@solana/web3.js": "^1.66.2",
      "bn.js": "^5.2.0",
      "debug": "^4.3.4"
    },
    "devDependencies": {
      "@metaplex-foundation/amman": "^0.12.0",
      "@metaplex-foundation/amman-client": "^0.2.2",
      "@metaplex-foundation/solita": "^0.19.3",
      "@metaplex-foundation/mpl-token-auth-rules": "^1.1.0",
      "@msgpack/msgpack": "^2.8.0",
      "@types/bn.js": "^5.1.1",
      "@types/debug": "^4.1.7",
      "@types/tape": "^4.13.2",
      "@typescript-eslint/eslint-plugin": "^5.44.0",
      "@typescript-eslint/parser": "^5.44.0",
      "cpr": "^3.0.1",
      "esbuild": "0.15.12",
      "esbuild-runner": "^2.2.1",
      "eslint": "^8.3.0",
      "eslint-config-prettier": "^8.5.0",
      "eslint-plugin-prettier": "^4.2.1",
      "prettier": "^2.5.1",
      "rimraf": "^3.0.2",
      "spok": "^1.4.3",
      "supports-color": "^9.2.3",
      "tape": "^5.5.3",
      "typedoc": "^0.23.16",
      "typescript": "^4.9.3"
    }
  }

yarn manifest: 
  No manifest

Lockfile: 
  No lockfile
